\BOOKMARK [0][-]{chapter*.2}{Jelölésjegyzék}{}% 1
\BOOKMARK [0][-]{chapter.1}{Bevezetés}{}% 2
\BOOKMARK [1][-]{section.1.1}{Projekt célja}{chapter.1}% 3
\BOOKMARK [1][-]{section.1.2}{Projet bemutatása}{chapter.1}% 4
\BOOKMARK [2][-]{subsection.1.2.1}{Kutatómunka}{section.1.2}% 5
\BOOKMARK [2][-]{subsection.1.2.2}{Játék megtervezése}{section.1.2}% 6
\BOOKMARK [2][-]{subsection.1.2.3}{Játék fejlesztése}{section.1.2}% 7
\BOOKMARK [2][-]{subsection.1.2.4}{Adatgyűjtés és VR támogatás}{section.1.2}% 8
\BOOKMARK [2][-]{subsection.1.2.5}{AI betanítása}{section.1.2}% 9
\BOOKMARK [2][-]{subsection.1.2.6}{AI játszatása}{section.1.2}% 10
\BOOKMARK [0][-]{chapter.2}{Irodalomkutatás}{}% 11
\BOOKMARK [0][-]{chapter.3}{Felhasznált technológiák}{}% 12
\BOOKMARK [1][-]{section.3.1}{Godot Engine}{chapter.3}% 13
\BOOKMARK [1][-]{section.3.2}{OpenXR}{chapter.3}% 14
\BOOKMARK [1][-]{section.3.3}{GDscript}{chapter.3}% 15
\BOOKMARK [0][-]{chapter.4}{A játék működése}{}% 16
\BOOKMARK [1][-]{section.4.1}{Játék ismertetése}{chapter.4}% 17
\BOOKMARK [1][-]{section.4.2}{Struktúrális felépítés}{chapter.4}% 18
\BOOKMARK [2][-]{subsection.4.2.1}{Menü}{section.4.2}% 19
\BOOKMARK [2][-]{subsection.4.2.2}{Basic Scene}{section.4.2}% 20
\BOOKMARK [2][-]{subsection.4.2.3}{Deck}{section.4.2}% 21
\BOOKMARK [2][-]{subsection.4.2.4}{Card}{section.4.2}% 22
\BOOKMARK [0][-]{chapter*.16}{Irodalomjegyzék}{}% 23
